<?xml version="1.0" encoding="UTF-8"?>
<coverage generated="1610825253607" clover="3.2.0">
  <project timestamp="1610825253607" name="All files">
    <metrics statements="47" coveredstatements="42" conditionals="22" coveredconditionals="19" methods="8" coveredmethods="6" elements="77" coveredelements="67" complexity="0" loc="47" ncloc="47" packages="5" files="9" classes="9"/>
    <package name="src">
      <metrics statements="5" coveredstatements="5" conditionals="16" coveredconditionals="16" methods="0" coveredmethods="0"/>
      <file name="config.ts" path="C:\Users\Patrik\Documents\consuela\update_db\src\config.ts">
        <metrics statements="5" coveredstatements="5" conditionals="16" coveredconditionals="16" methods="0" coveredmethods="0"/>
        <line num="2" count="1" type="stmt"/>
        <line num="17" count="1" type="stmt"/>
        <line num="56" count="1" type="stmt"/>
        <line num="66" count="1" type="stmt"/>
        <line num="82" count="1" type="stmt"/>
      </file>
    </package>
    <package name="src.f5-pools.ProcessPoolMemberStatistics.Verifications">
      <metrics statements="17" coveredstatements="17" conditionals="0" coveredconditionals="0" methods="4" coveredmethods="4"/>
      <file name="IncreaseDaysDown.ts" path="C:\Users\Patrik\Documents\consuela\update_db\src\f5-pools\ProcessPoolMemberStatistics\Verifications\IncreaseDaysDown.ts">
        <metrics statements="6" coveredstatements="6" conditionals="0" coveredconditionals="0" methods="1" coveredmethods="1"/>
        <line num="2" count="1" type="stmt"/>
        <line num="4" count="1" type="stmt"/>
        <line num="5" count="5" type="stmt"/>
        <line num="8" count="5" type="stmt"/>
        <line num="9" count="5" type="stmt"/>
        <line num="12" count="1" type="stmt"/>
      </file>
      <file name="IncreaseDaysWithoutConnection.ts" path="C:\Users\Patrik\Documents\consuela\update_db\src\f5-pools\ProcessPoolMemberStatistics\Verifications\IncreaseDaysWithoutConnection.ts">
        <metrics statements="3" coveredstatements="3" conditionals="0" coveredconditionals="0" methods="1" coveredmethods="1"/>
        <line num="3" count="2" type="stmt"/>
        <line num="4" count="6" type="stmt"/>
        <line num="7" count="2" type="stmt"/>
      </file>
      <file name="IncreaseDaysWithoutData.ts" path="C:\Users\Patrik\Documents\consuela\update_db\src\f5-pools\ProcessPoolMemberStatistics\Verifications\IncreaseDaysWithoutData.ts">
        <metrics statements="3" coveredstatements="3" conditionals="0" coveredconditionals="0" methods="1" coveredmethods="1"/>
        <line num="3" count="1" type="stmt"/>
        <line num="4" count="3" type="stmt"/>
        <line num="7" count="1" type="stmt"/>
      </file>
      <file name="ShouldDatabaseBeUpdated.ts" path="C:\Users\Patrik\Documents\consuela\update_db\src\f5-pools\ProcessPoolMemberStatistics\Verifications\ShouldDatabaseBeUpdated.ts">
        <metrics statements="5" coveredstatements="5" conditionals="0" coveredconditionals="0" methods="1" coveredmethods="1"/>
        <line num="3" count="1" type="stmt"/>
        <line num="4" count="2" type="stmt"/>
        <line num="5" count="2" type="stmt"/>
        <line num="7" count="2" type="stmt"/>
        <line num="10" count="1" type="stmt"/>
      </file>
    </package>
    <package name="src.logger">
      <metrics statements="10" coveredstatements="8" conditionals="2" coveredconditionals="1" methods="1" coveredmethods="1"/>
      <file name="winston.ts" path="C:\Users\Patrik\Documents\consuela\update_db\src\logger\winston.ts">
        <metrics statements="10" coveredstatements="8" conditionals="2" coveredconditionals="1" methods="1" coveredmethods="1"/>
        <line num="1" count="1" type="stmt"/>
        <line num="2" count="1" type="stmt"/>
        <line num="3" count="1" type="stmt"/>
        <line num="6" count="1" type="stmt"/>
        <line num="15" count="1" type="cond" truecount="1" falsecount="1"/>
        <line num="16" count="0" type="stmt"/>
        <line num="17" count="0" type="stmt"/>
        <line num="31" count="1" type="stmt"/>
        <line num="34" count="1" type="stmt"/>
        <line num="39" count="1" type="stmt"/>
      </file>
    </package>
    <package name="src.reportTransports.Slack">
      <metrics statements="10" coveredstatements="7" conditionals="4" coveredconditionals="2" methods="2" coveredmethods="0"/>
      <file name="slack.ts" path="C:\Users\Patrik\Documents\consuela\update_db\src\reportTransports\Slack\slack.ts">
        <metrics statements="9" coveredstatements="6" conditionals="2" coveredconditionals="0" methods="2" coveredmethods="0"/>
        <line num="1" count="1" type="stmt"/>
        <line num="3" count="1" type="stmt"/>
        <line num="4" count="1" type="stmt"/>
        <line num="6" count="1" type="stmt"/>
        <line num="9" count="1" type="stmt"/>
        <line num="11" count="0" type="stmt"/>
        <line num="14" count="0" type="stmt"/>
        <line num="77" count="0" type="stmt"/>
        <line num="80" count="1" type="stmt"/>
      </file>
      <file name="webHook.ts" path="C:\Users\Patrik\Documents\consuela\update_db\src\reportTransports\Slack\webHook.ts">
        <metrics statements="1" coveredstatements="1" conditionals="2" coveredconditionals="2" methods="0" coveredmethods="0"/>
        <line num="1" count="1" type="cond" truecount="2" falsecount="0"/>
      </file>
    </package>
    <package name="src.util">
      <metrics statements="5" coveredstatements="5" conditionals="0" coveredconditionals="0" methods="1" coveredmethods="1"/>
      <file name="ShouldDatabaseBeUpdated.ts" path="C:\Users\Patrik\Documents\consuela\update_db\src\util\ShouldDatabaseBeUpdated.ts">
        <metrics statements="5" coveredstatements="5" conditionals="0" coveredconditionals="0" methods="1" coveredmethods="1"/>
        <line num="1" count="1" type="stmt"/>
        <line num="3" count="2" type="stmt"/>
        <line num="4" count="2" type="stmt"/>
        <line num="6" count="2" type="stmt"/>
        <line num="9" count="1" type="stmt"/>
      </file>
    </package>
  </project>
</coverage>
