{"C:\\Users\\Patrik\\Documents\\consuela\\update_db\\src\\config.ts": {"path":"C:\\Users\\Patrik\\Documents\\consuela\\update_db\\src\\config.ts","statementMap":{"0":{"start":{"line":2,"column":0},"end":{"line":2,"column":51}},"1":{"start":{"line":17,"column":13},"end":{"line":21,"column":null}},"2":{"start":{"line":56,"column":13},"end":{"line":62,"column":2}},"3":{"start":{"line":66,"column":13},"end":{"line":70,"column":2}},"4":{"start":{"line":82,"column":13},"end":{"line":90,"column":2}}},"fnMap":{},"branchMap":{"0":{"loc":{"start":{"line":18,"column":17},"end":{"line":18,"column":43}},"type":"binary-expr","locations":[{"start":{"line":18,"column":17},"end":{"line":18,"column":43}},{"start":{"line":18,"column":47},"end":{"line":18,"column":63}}]},"1":{"loc":{"start":{"line":19,"column":15},"end":{"line":19,"column":39}},"type":"binary-expr","locations":[{"start":{"line":19,"column":15},"end":{"line":19,"column":39}},{"start":{"line":19,"column":43},"end":{"line":19,"column":50}}]},"2":{"loc":{"start":{"line":20,"column":19},"end":{"line":20,"column":47}},"type":"binary-expr","locations":[{"start":{"line":20,"column":19},"end":{"line":20,"column":47}},{"start":{"line":20,"column":51},"end":{"line":20,"column":61}}]},"3":{"loc":{"start":{"line":57,"column":12},"end":{"line":57,"column":35}},"type":"binary-expr","locations":[{"start":{"line":57,"column":12},"end":{"line":57,"column":35}},{"start":{"line":57,"column":39},"end":{"line":57,"column":46}}]},"4":{"loc":{"start":{"line":58,"column":12},"end":{"line":58,"column":35}},"type":"binary-expr","locations":[{"start":{"line":58,"column":12},"end":{"line":58,"column":35}},{"start":{"line":58,"column":39},"end":{"line":58,"column":46}}]},"5":{"loc":{"start":{"line":67,"column":16},"end":{"line":67,"column":43}},"type":"binary-expr","locations":[{"start":{"line":67,"column":16},"end":{"line":67,"column":43}},{"start":{"line":67,"column":47},"end":{"line":67,"column":49}}]},"6":{"loc":{"start":{"line":68,"column":9},"end":{"line":68,"column":33}},"type":"binary-expr","locations":[{"start":{"line":68,"column":9},"end":{"line":68,"column":33}},{"start":{"line":68,"column":37},"end":{"line":68,"column":39}}]},"7":{"loc":{"start":{"line":69,"column":8},"end":{"line":69,"column":31}},"type":"binary-expr","locations":[{"start":{"line":69,"column":8},"end":{"line":69,"column":31}},{"start":{"line":69,"column":35},"end":{"line":69,"column":37}}]}},"s":{"0":1,"1":1,"2":1,"3":1,"4":1},"f":{},"b":{"0":[1,1],"1":[1,1],"2":[1,1],"3":[1,1],"4":[1,1],"5":[1,1],"6":[1,1],"7":[1,1]}}
,"C:\\Users\\Patrik\\Documents\\consuela\\update_db\\src\\f5-pools\\ProcessPoolMemberStatistics\\Verifications\\IncreaseDaysDown.ts": {"path":"C:\\Users\\Patrik\\Documents\\consuela\\update_db\\src\\f5-pools\\ProcessPoolMemberStatistics\\Verifications\\IncreaseDaysDown.ts","statementMap":{"0":{"start":{"line":2,"column":0},"end":{"line":2,"column":45}},"1":{"start":{"line":4,"column":25},"end":{"line":10,"column":1}},"2":{"start":{"line":5,"column":19},"end":{"line":5,"column":88}},"3":{"start":{"line":8,"column":2},"end":{"line":8,"column":120}},"4":{"start":{"line":9,"column":2},"end":{"line":9,"column":79}},"5":{"start":{"line":12,"column":0},"end":{"line":12,"column":32}}},"fnMap":{"0":{"name":"(anonymous_1)","decl":{"start":{"line":4,"column":25},"end":{"line":4,"column":26}},"loc":{"start":{"line":4,"column":57},"end":{"line":10,"column":1}}}},"branchMap":{},"s":{"0":1,"1":1,"2":5,"3":5,"4":5,"5":1},"f":{"0":5},"b":{}}
,"C:\\Users\\Patrik\\Documents\\consuela\\update_db\\src\\f5-pools\\ProcessPoolMemberStatistics\\Verifications\\IncreaseDaysWithoutConnection.ts": {"path":"C:\\Users\\Patrik\\Documents\\consuela\\update_db\\src\\f5-pools\\ProcessPoolMemberStatistics\\Verifications\\IncreaseDaysWithoutConnection.ts","statementMap":{"0":{"start":{"line":3,"column":39},"end":{"line":5,"column":1}},"1":{"start":{"line":4,"column":2},"end":{"line":4,"column":91}},"2":{"start":{"line":7,"column":0},"end":{"line":7,"column":46}}},"fnMap":{"0":{"name":"(anonymous_0)","decl":{"start":{"line":3,"column":39},"end":{"line":3,"column":40}},"loc":{"start":{"line":3,"column":94},"end":{"line":5,"column":1}}}},"branchMap":{},"s":{"0":2,"1":6,"2":2},"f":{"0":6},"b":{}}
,"C:\\Users\\Patrik\\Documents\\consuela\\update_db\\src\\f5-pools\\ProcessPoolMemberStatistics\\Verifications\\IncreaseDaysWithoutData.ts": {"path":"C:\\Users\\Patrik\\Documents\\consuela\\update_db\\src\\f5-pools\\ProcessPoolMemberStatistics\\Verifications\\IncreaseDaysWithoutData.ts","statementMap":{"0":{"start":{"line":3,"column":32},"end":{"line":5,"column":1}},"1":{"start":{"line":4,"column":2},"end":{"line":4,"column":87}},"2":{"start":{"line":7,"column":0},"end":{"line":7,"column":39}}},"fnMap":{"0":{"name":"(anonymous_0)","decl":{"start":{"line":3,"column":32},"end":{"line":3,"column":33}},"loc":{"start":{"line":3,"column":87},"end":{"line":5,"column":1}}}},"branchMap":{},"s":{"0":1,"1":3,"2":1},"f":{"0":3},"b":{}}
,"C:\\Users\\Patrik\\Documents\\consuela\\update_db\\src\\f5-pools\\ProcessPoolMemberStatistics\\Verifications\\ShouldDatabaseBeUpdated.ts": {"path":"C:\\Users\\Patrik\\Documents\\consuela\\update_db\\src\\f5-pools\\ProcessPoolMemberStatistics\\Verifications\\ShouldDatabaseBeUpdated.ts","statementMap":{"0":{"start":{"line":3,"column":32},"end":{"line":8,"column":1}},"1":{"start":{"line":4,"column":17},"end":{"line":4,"column":46}},"2":{"start":{"line":5,"column":14},"end":{"line":5,"column":35}},"3":{"start":{"line":7,"column":2},"end":{"line":7,"column":52}},"4":{"start":{"line":10,"column":0},"end":{"line":10,"column":39}}},"fnMap":{"0":{"name":"(anonymous_0)","decl":{"start":{"line":3,"column":32},"end":{"line":3,"column":33}},"loc":{"start":{"line":3,"column":75},"end":{"line":8,"column":1}}}},"branchMap":{},"s":{"0":1,"1":2,"2":2,"3":2,"4":1},"f":{"0":2},"b":{}}
,"C:\\Users\\Patrik\\Documents\\consuela\\update_db\\src\\logger\\winston.ts": {"path":"C:\\Users\\Patrik\\Documents\\consuela\\update_db\\src\\logger\\winston.ts","statementMap":{"0":{"start":{"line":1,"column":0},"end":{"line":1,"column":45}},"1":{"start":{"line":2,"column":0},"end":{"line":2,"column":52}},"2":{"start":{"line":3,"column":0},"end":{"line":3,"column":41}},"3":{"start":{"line":6,"column":39},"end":{"line":12,"column":null}},"4":{"start":{"line":15,"column":0},"end":{"line":32,"column":null}},"5":{"start":{"line":15,"column":43},"end":{"line":15,"column":52}},"6":{"start":{"line":16,"column":2},"end":{"line":16,"column":null}},"7":{"start":{"line":17,"column":2},"end":{"line":29,"column":null}},"8":{"start":{"line":31,"column":2},"end":{"line":31,"column":null}},"9":{"start":{"line":34,"column":15},"end":{"line":37,"column":2}},"10":{"start":{"line":39,"column":0},"end":{"line":39,"column":22}}},"fnMap":{"0":{"name":"(anonymous_1)","decl":{"start":{"line":15,"column":38},"end":{"line":15,"column":39}},"loc":{"start":{"line":15,"column":39},"end":{"line":15,"column":44}}}},"branchMap":{"0":{"loc":{"start":{"line":15,"column":0},"end":{"line":32,"column":null}},"type":"if","locations":[{"start":{"line":15,"column":0},"end":{"line":32,"column":null}},{"start":{"line":15,"column":0},"end":{"line":32,"column":null}}]}},"s":{"0":1,"1":1,"2":1,"3":1,"4":1,"5":1,"6":0,"7":0,"8":1,"9":1,"10":1},"f":{"0":1},"b":{"0":[0,1]}}
,"C:\\Users\\Patrik\\Documents\\consuela\\update_db\\src\\reportTransports\\Slack\\slack.ts": {"path":"C:\\Users\\Patrik\\Documents\\consuela\\update_db\\src\\reportTransports\\Slack\\slack.ts","statementMap":{"0":{"start":{"line":1,"column":0},"end":{"line":1,"column":49}},"1":{"start":{"line":3,"column":0},"end":{"line":3,"column":32}},"2":{"start":{"line":4,"column":0},"end":{"line":4,"column":42}},"3":{"start":{"line":6,"column":16},"end":{"line":6,"column":44}},"4":{"start":{"line":9,"column":13},"end":{"line":78,"column":2}},"5":{"start":{"line":9,"column":35},"end":{"line":78,"column":2}},"6":{"start":{"line":11,"column":2},"end":{"line":11,"column":null}},"7":{"start":{"line":14,"column":16},"end":{"line":75,"column":null}},"8":{"start":{"line":14,"column":10},"end":{"line":75,"column":null}},"9":{"start":{"line":77,"column":2},"end":{"line":77,"column":36}},"10":{"start":{"line":80,"column":0},"end":{"line":80,"column":20}}},"fnMap":{"0":{"name":"(anonymous_14)","decl":{"start":{"line":9,"column":13},"end":{"line":9,"column":20}},"loc":{"start":{"line":9,"column":35},"end":{"line":78,"column":2}}},"1":{"name":"(anonymous_15)","decl":{"start":{"line":9,"column":35},"end":{"line":9,"column":null}},"loc":{"start":{"line":9,"column":35},"end":{"line":78,"column":2}}}},"branchMap":{"0":{"loc":{"start":{"line":56,"column":57},"end":{"line":56,"column":88}},"type":"cond-expr","locations":[{"start":{"line":56,"column":57},"end":{"line":56,"column":88}},{"start":{"line":56,"column":90},"end":{"line":56,"column":120}}]}},"s":{"0":1,"1":1,"2":1,"3":1,"4":1,"5":0,"6":0,"7":0,"8":0,"9":0,"10":1},"f":{"0":0,"1":0},"b":{"0":[0,0]}}
,"C:\\Users\\Patrik\\Documents\\consuela\\update_db\\src\\reportTransports\\Slack\\webHook.ts": {"path":"C:\\Users\\Patrik\\Documents\\consuela\\update_db\\src\\reportTransports\\Slack\\webHook.ts","statementMap":{"0":{"start":{"line":1,"column":0},"end":{"line":1,"column":83}}},"fnMap":{},"branchMap":{"0":{"loc":{"start":{"line":1,"column":15},"end":{"line":1,"column":40}},"type":"binary-expr","locations":[{"start":{"line":1,"column":15},"end":{"line":1,"column":40}},{"start":{"line":1,"column":44},"end":{"line":1,"column":82}}]}},"s":{"0":1},"f":{},"b":{"0":[1,1]}}
,"C:\\Users\\Patrik\\Documents\\consuela\\update_db\\src\\util\\ShouldDatabaseBeUpdated.ts": {"path":"C:\\Users\\Patrik\\Documents\\consuela\\update_db\\src\\util\\ShouldDatabaseBeUpdated.ts","statementMap":{"0":{"start":{"line":1,"column":32},"end":{"line":7,"column":1}},"1":{"start":{"line":3,"column":21},"end":{"line":3,"column":51}},"2":{"start":{"line":4,"column":25},"end":{"line":4,"column":55}},"3":{"start":{"line":6,"column":2},"end":{"line":6,"column":41}},"4":{"start":{"line":9,"column":0},"end":{"line":9,"column":39}}},"fnMap":{"0":{"name":"(anonymous_0)","decl":{"start":{"line":1,"column":32},"end":{"line":1,"column":33}},"loc":{"start":{"line":1,"column":73},"end":{"line":7,"column":1}}}},"branchMap":{},"s":{"0":1,"1":2,"2":2,"3":2,"4":1},"f":{"0":2},"b":{}}
}
