TN:
SF:src\config.ts
FNF:0
FNH:0
DA:2,1
DA:17,1
DA:56,1
DA:66,1
DA:82,1
LF:5
LH:5
BRDA:18,0,0,1
BRDA:18,0,1,1
BRDA:19,1,0,1
BRDA:19,1,1,1
BRDA:20,2,0,1
BRDA:20,2,1,1
BRDA:57,3,0,1
BRDA:57,3,1,1
BRDA:58,4,0,1
BRDA:58,4,1,1
BRDA:67,5,0,1
BRDA:67,5,1,1
BRDA:68,6,0,1
BRDA:68,6,1,1
BRDA:69,7,0,1
BRDA:69,7,1,1
BRF:16
BRH:16
end_of_record
TN:
SF:src\f5-pools\ProcessPoolMemberStatistics\Verifications\IncreaseDaysDown.ts
FN:4,(anonymous_1)
FNF:1
FNH:1
FNDA:5,(anonymous_1)
DA:2,1
DA:4,1
DA:5,5
DA:8,5
DA:9,5
DA:12,1
LF:6
LH:6
BRF:0
BRH:0
end_of_record
TN:
SF:src\f5-pools\ProcessPoolMemberStatistics\Verifications\IncreaseDaysWithoutConnection.ts
FN:3,(anonymous_0)
FNF:1
FNH:1
FNDA:6,(anonymous_0)
DA:3,2
DA:4,6
DA:7,2
LF:3
LH:3
BRF:0
BRH:0
end_of_record
TN:
SF:src\f5-pools\ProcessPoolMemberStatistics\Verifications\IncreaseDaysWithoutData.ts
FN:3,(anonymous_0)
FNF:1
FNH:1
FNDA:3,(anonymous_0)
DA:3,1
DA:4,3
DA:7,1
LF:3
LH:3
BRF:0
BRH:0
end_of_record
TN:
SF:src\f5-pools\ProcessPoolMemberStatistics\Verifications\ShouldDatabaseBeUpdated.ts
FN:3,(anonymous_0)
FNF:1
FNH:1
FNDA:2,(anonymous_0)
DA:3,1
DA:4,2
DA:5,2
DA:7,2
DA:10,1
LF:5
LH:5
BRF:0
BRH:0
end_of_record
TN:
SF:src\logger\winston.ts
FN:15,(anonymous_1)
FNF:1
FNH:1
FNDA:1,(anonymous_1)
DA:1,1
DA:2,1
DA:3,1
DA:6,1
DA:15,1
DA:16,0
DA:17,0
DA:31,1
DA:34,1
DA:39,1
LF:10
LH:8
BRDA:15,0,0,0
BRDA:15,0,1,1
BRF:2
BRH:1
end_of_record
TN:
SF:src\reportTransports\Slack\slack.ts
FN:9,(anonymous_14)
FN:9,(anonymous_15)
FNF:2
FNH:0
FNDA:0,(anonymous_14)
FNDA:0,(anonymous_15)
DA:1,1
DA:3,1
DA:4,1
DA:6,1
DA:9,1
DA:11,0
DA:14,0
DA:77,0
DA:80,1
LF:9
LH:6
BRDA:56,0,0,0
BRDA:56,0,1,0
BRF:2
BRH:0
end_of_record
TN:
SF:src\reportTransports\Slack\webHook.ts
FNF:0
FNH:0
DA:1,1
LF:1
LH:1
BRDA:1,0,0,1
BRDA:1,0,1,1
BRF:2
BRH:2
end_of_record
TN:
SF:src\util\ShouldDatabaseBeUpdated.ts
FN:1,(anonymous_0)
FNF:1
FNH:1
FNDA:2,(anonymous_0)
DA:1,1
DA:3,2
DA:4,2
DA:6,2
DA:9,1
LF:5
LH:5
BRF:0
BRH:0
end_of_record
